#
# There is insufficient memory for the Java Runtime Environment to continue.
# Native memory allocation (mmap) failed to map 148897792 bytes. Error detail: G1 virtual space
# Possible reasons:
#   The system is out of physical RAM or swap space
#   This process is running with CompressedOops enabled, and the Java Heap may be blocking the growth of the native heap
# Possible solutions:
#   Reduce memory load on the system
#   Increase physical memory or swap space
#   Check if swap backing store is full
#   Decrease Java heap size (-Xmx/-Xms)
#   Decrease number of Java threads
#   Decrease Java thread stack sizes (-Xss)
#   Set larger code cache with -XX:ReservedCodeCacheSize=
#   JVM is running with Unscaled Compressed Oops mode in which the Java heap is
#     placed in the first 4GB address space. The Java Heap base address is the
#     maximum limit for the native heap growth. Please use -XX:HeapBaseMinAddress
#     to set the Java Heap base and to place the Java Heap above 4GB virtual address.
# This output file may be truncated or incomplete.
#
#  Out of Memory Error (os_windows.cpp:3564), pid=32312, tid=45380
#
# JRE version: Java(TM) SE Runtime Environment (24.0.2+12) (build 24.0.2+12-54)
# Java VM: Java HotSpot(TM) 64-Bit Server VM (24.0.2+12-54, mixed mode, sharing, tiered, compressed oops, compressed class ptrs, g1 gc, windows-amd64)
# No core dump will be written. Minidumps are not enabled by default on client versions of Windows
#

---------------  S U M M A R Y ------------

Command Line: -javaagent:C:\Program Files\JetBrains\IntelliJ IDEA Community Edition 2025.2.1\lib\idea_rt.jar=58262 -Dfile.encoding=UTF-8 -Dsun.stdout.encoding=UTF-8 -Dsun.stderr.encoding=UTF-8 Main

Host: Intel(R) Core(TM) i5-7440HQ CPU @ 2.80GHz, 4 cores, 7G,  Windows 10 , 64 bit Build 19041 (10.0.19041.5915)
Time: Thu Mar 12 22:04:32 2026 Maroc elapsed time: 831.948474 seconds (0d 0h 13m 51s)

---------------  T H R E A D  ---------------

Current thread (0x000001c3c9eb4300):  VMThread "VM Thread"          [id=45380, stack(0x000000a9ca500000,0x000000a9ca600000) (1024K)]

Stack: [0x000000a9ca500000,0x000000a9ca600000]
Native frames: (J=compiled Java code, j=interpreted, Vv=VM code, C=native code)
V  [jvm.dll+0x730829]  (no source info available)
V  [jvm.dll+0x8d9da3]  (no source info available)
V  [jvm.dll+0x8dc28d]  (no source info available)
V  [jvm.dll+0x8dc903]  (no source info available)
V  [jvm.dll+0x2a9f56]  (no source info available)
V  [jvm.dll+0x72cd55]  (no source info available)
V  [jvm.dll+0x72066a]  (no source info available)
V  [jvm.dll+0x390b7a]  (no source info available)
V  [jvm.dll+0x398906]  (no source info available)
V  [jvm.dll+0x3850de]  (no source info available)
V  [jvm.dll+0x385398]  (no source info available)
V  [jvm.dll+0x35d10c]  (no source info available)
V  [jvm.dll+0x35d19a]  (no source info available)
V  [jvm.dll+0x3aa602]  (no source info available)
V  [jvm.dll+0x3a8c32]  (no source info available)
V  [jvm.dll+0x35c8d7]  (no source info available)
V  [jvm.dll+0x3a83e4]  (no source info available)
V  [jvm.dll+0x8e29c2]  (no source info available)
V  [jvm.dll+0x8e3d0c]  (no source info available)
V  [jvm.dll+0x8e4278]  (no source info available)
V  [jvm.dll+0x8e4513]  (no source info available)
V  [jvm.dll+0x87d9eb]  (no source info available)
V  [jvm.dll+0x72ef45]  (no source info available)
C  [ucrtbase.dll+0x21bb2]  (no source info available)
C  [KERNEL32.DLL+0x17374]  (no source info available)
C  [ntdll.dll+0x4cc91]  (no source info available)

VM_Operation (0x000000a9cc6fedb0): G1CollectForAllocation, mode: safepoint, requested by thread 0x000001c40f25d960


---------------  P R O C E S S  ---------------

Threads class SMR info:
_java_thread_list=0x000001c41187ed60, length=28, elements={
0x000001c3c9ec74b0, 0x000001c3c9ec8620, 0x000001c3c9ecc6b0, 0x000001c3c9ecf1f0,
0x000001c3c9ed14d0, 0x000001c3c9ed27a0, 0x000001c3c9ee0770, 0x000001c3c9ee7330,
0x000001c40f17a7f0, 0x000001c40f1a0980, 0x000001c40f1a2620, 0x000001c40f6d5480,
0x000001c40f4d8c80, 0x000001c40f6d8be0, 0x000001c40f8865e0, 0x000001c3ad8a01a0,
0x000001c40fa33020, 0x000001c40fb8ce30, 0x000001c40fb8d580, 0x000001c40fb8bf90,
0x000001c40fb8c6e0, 0x000001c40f25f6a0, 0x000001c40f2613e0, 0x000001c40f261b30,
0x000001c40f25bc20, 0x000001c40f25e800, 0x000001c40f25c370, 0x000001c40f25d960
}

Java Threads: ( => current thread )
  0x000001c3c9ec74b0 JavaThread "Reference Handler"          daemon [_thread_blocked, id=1084, stack(0x000000a9ca600000,0x000000a9ca700000) (1024K)]
  0x000001c3c9ec8620 JavaThread "Finalizer"                  daemon [_thread_blocked, id=25364, stack(0x000000a9ca700000,0x000000a9ca800000) (1024K)]
  0x000001c3c9ecc6b0 JavaThread "Signal Dispatcher"          daemon [_thread_blocked, id=25056, stack(0x000000a9ca800000,0x000000a9ca900000) (1024K)]
  0x000001c3c9ecf1f0 JavaThread "Attach Listener"            daemon [_thread_blocked, id=21748, stack(0x000000a9ca900000,0x000000a9caa00000) (1024K)]
  0x000001c3c9ed14d0 JavaThread "Service Thread"             daemon [_thread_blocked, id=49240, stack(0x000000a9caa00000,0x000000a9cab00000) (1024K)]
  0x000001c3c9ed27a0 JavaThread "Monitor Deflation Thread"   daemon [_thread_blocked, id=47360, stack(0x000000a9cab00000,0x000000a9cac00000) (1024K)]
  0x000001c3c9ee0770 JavaThread "C2 CompilerThread0"         daemon [_thread_blocked, id=50612, stack(0x000000a9cac00000,0x000000a9cad00000) (1024K)]
  0x000001c3c9ee7330 JavaThread "C1 CompilerThread0"         daemon [_thread_blocked, id=30844, stack(0x000000a9cad00000,0x000000a9cae00000) (1024K)]
  0x000001c40f17a7f0 JavaThread "Common-Cleaner"             daemon [_thread_blocked, id=50788, stack(0x000000a9cae00000,0x000000a9caf00000) (1024K)]
  0x000001c40f1a0980 JavaThread "Monitor Ctrl-Break"         daemon [_thread_in_native, id=21076, stack(0x000000a9caf00000,0x000000a9cb000000) (1024K)]
  0x000001c40f1a2620 JavaThread "Notification Thread"        daemon [_thread_blocked, id=36408, stack(0x000000a9cb000000,0x000000a9cb100000) (1024K)]
  0x000001c40f6d5480 JavaThread "Java2D Disposer"            daemon [_thread_blocked, id=34468, stack(0x000000a9cb100000,0x000000a9cb200000) (1024K)]
  0x000001c40f4d8c80 JavaThread "AWT-Shutdown"                      [_thread_blocked, id=38936, stack(0x000000a9cb200000,0x000000a9cb300000) (1024K)]
  0x000001c40f6d8be0 JavaThread "AWT-Windows"                daemon [_thread_in_native, id=50952, stack(0x000000a9cb300000,0x000000a9cb400000) (1024K)]
  0x000001c40f8865e0 JavaThread "AWT-EventQueue-0"                  [_thread_blocked, id=14732, stack(0x000000a9cb400000,0x000000a9cb500000) (1024K)]
  0x000001c3ad8a01a0 JavaThread "DestroyJavaVM"                     [_thread_blocked, id=52080, stack(0x000000a9c9e00000,0x000000a9c9f00000) (1024K)]
  0x000001c40fa33020 JavaThread "TimerQueue"                 daemon [_thread_blocked, id=21608, stack(0x000000a9cb500000,0x000000a9cb600000) (1024K)]
  0x000001c40fb8ce30 JavaThread "SwingWorker-pool-1-thread-1" daemon [_thread_blocked, id=36324, stack(0x000000a9cb900000,0x000000a9cba00000) (1024K)]
  0x000001c40fb8d580 JavaThread "mysql-cj-abandoned-connection-cleanup" daemon [_thread_blocked, id=904, stack(0x000000a9cba00000,0x000000a9cbb00000) (1024K)]
  0x000001c40fb8bf90 JavaThread "SwingWorker-pool-1-thread-2" daemon [_thread_blocked, id=40872, stack(0x000000a9cbb00000,0x000000a9cbc00000) (1024K)]
  0x000001c40fb8c6e0 JavaThread "SwingWorker-pool-1-thread-3" daemon [_thread_blocked, id=52084, stack(0x000000a9cc000000,0x000000a9cc100000) (1024K)]
  0x000001c40f25f6a0 JavaThread "SwingWorker-pool-1-thread-4" daemon [_thread_blocked, id=4244, stack(0x000000a9cbf00000,0x000000a9cc000000) (1024K)]
  0x000001c40f2613e0 JavaThread "SwingWorker-pool-1-thread-5" daemon [_thread_blocked, id=23508, stack(0x000000a9cc100000,0x000000a9cc200000) (1024K)]
  0x000001c40f261b30 JavaThread "SwingWorker-pool-1-thread-6" daemon [_thread_blocked, id=11568, stack(0x000000a9cc200000,0x000000a9cc300000) (1024K)]
  0x000001c40f25bc20 JavaThread "SwingWorker-pool-1-thread-7" daemon [_thread_blocked, id=26644, stack(0x000000a9cc300000,0x000000a9cc400000) (1024K)]
  0x000001c40f25e800 JavaThread "SwingWorker-pool-1-thread-8" daemon [_thread_blocked, id=17768, stack(0x000000a9cc400000,0x000000a9cc500000) (1024K)]
  0x000001c40f25c370 JavaThread "SwingWorker-pool-1-thread-9" daemon [_thread_blocked, id=26764, stack(0x000000a9cc500000,0x000000a9cc600000) (1024K)]
  0x000001c40f25d960 JavaThread "SwingWorker-pool-1-thread-10" daemon [_thread_blocked, id=27068, stack(0x000000a9cc600000,0x000000a9cc700000) (1024K)]
Total: 28

Other Threads:
=>0x000001c3c9eb4300 VMThread "VM Thread"                           [id=45380, stack(0x000000a9ca500000,0x000000a9ca600000) (1024K)]
  0x000001c3c9ea6d60 WatcherThread "VM Periodic Task Thread"        [id=44812, stack(0x000000a9ca400000,0x000000a9ca500000) (1024K)]
  0x000001c3ad8f9d20 WorkerThread "GC Thread#0"                     [id=41992, stack(0x000000a9c9f00000,0x000000a9ca000000) (1024K)]
  0x000001c411468ac0 WorkerThread "GC Thread#1"                     [id=29708, stack(0x000000a9cbc00000,0x000000a9cbd00000) (1024K)]
  0x000001c411468e70 WorkerThread "GC Thread#2"                     [id=42252, stack(0x000000a9cbd00000,0x000000a9cbe00000) (1024K)]
  0x000001c411469220 WorkerThread "GC Thread#3"                     [id=7024, stack(0x000000a9cbe00000,0x000000a9cbf00000) (1024K)]
  0x000001c3ad90e8b0 ConcurrentGCThread "G1 Main Marker"            [id=23488, stack(0x000000a9ca000000,0x000000a9ca100000) (1024K)]
  0x000001c3ad90fa70 WorkerThread "G1 Conc#0"                       [id=29124, stack(0x000000a9ca100000,0x000000a9ca200000) (1024K)]
  0x000001c3c9d6a0f0 ConcurrentGCThread "G1 Refine#0"               [id=34488, stack(0x000000a9ca200000,0x000000a9ca300000) (1024K)]
  0x000001c3c9d6bc10 ConcurrentGCThread "G1 Service"                [id=21172, stack(0x000000a9ca300000,0x000000a9ca400000) (1024K)]
Total: 10

Threads with active compile tasks:
Total: 0

VM state: at safepoint (normal execution)

VM Mutex/Monitor currently owned by a thread:  ([mutex/lock_event])
[0x00007ffdbff244f0] Threads_lock - owner thread: 0x000001c3c9eb4300
[0x00007ffdbff245f0] Heap_lock - owner thread: 0x000001c40f25d960

Heap address: 0x0000000082200000, size: 2014 MB, Compressed Oops mode: 32-bit

CDS archive(s) mapped at: [0x000001c3ca000000-0x000001c3cad40000-0x000001c3cad40000), size 13893632, SharedBaseAddress: 0x000001c3ca000000, ArchiveRelocationMode: 1.
Compressed class space mapped at: 0x000001c3cb000000-0x000001c40b000000, reserved size: 1073741824
UseCompressedClassPointers 1, UseCompactObjectHeaders 0
Narrow klass pointer bits 32, Max shift 3
Narrow klass base: 0x000001c3ca000000, Narrow klass shift: 0
Encoding Range: [0x000001c3ca000000 - 0x000001c4ca000000), (4294967296 bytes)
Klass Range:    [0x000001c3ca000000 - 0x000001c40b000000), (1090519040 bytes)
Klass ID Range:  [8 - 1090519033) (1090519025)

GC Precious Log:
 CardTable entry size: 512
 Card Set container configuration: InlinePtr #cards 5 size 8 Array Of Cards #cards 10 size 36 Howl #buckets 4 coarsen threshold 1843 Howl Bitmap #cards 512 size 80 coarsen threshold 460 Card regions per heap region 1 cards per card region 2048
 CPUs: 4 total, 4 available
 Memory: 8052M
 Large Page Support: Disabled
 NUMA Support: Disabled
 Compressed Oops: Enabled (32-bit)
 Heap Region Size: 1M
 Heap Min Capacity: 8M
 Heap Initial Capacity: 126M
 Heap Max Capacity: 2014M
 Pre-touch: Disabled
 Parallel Workers: 4
 Concurrent Workers: 1
 Concurrent Refinement Workers: 4
 Periodic GC: Disabled

Heap:
 garbage-first heap   total reserved 2062336K, committed 157696K, used 75667K [0x0000000082200000, 0x0000000100000000)
  region size 1024K, 3 young (3072K), 3 survivors (3072K)
 Metaspace       used 19461K, committed 19840K, reserved 1114112K
  class space    used 1598K, committed 1792K, reserved 1048576K

Heap Regions: E=young(eden), S=young(survivor), O=old, HS=humongous(starts), HC=humongous(continues), CS=collection set, F=free, TAMS=top-at-mark-start, PB=parsable bottom
|   0|0x0000000082200000, 0x0000000082300000, 0x0000000082300000|100%|HS|  |TAMS 0x0000000082300000| PB 0x0000000082200000| Complete |  0
|   1|0x0000000082300000, 0x0000000082400000, 0x0000000082400000|100%|HC|  |TAMS 0x0000000082400000| PB 0x0000000082300000| Complete |  0
|   2|0x0000000082400000, 0x0000000082500000, 0x0000000082500000|100%|HC|  |TAMS 0x0000000082500000| PB 0x0000000082400000| Complete |  0
|   3|0x0000000082500000, 0x0000000082600000, 0x0000000082600000|100%| O|  |TAMS 0x0000000082600000| PB 0x0000000082500000| Untracked |  0
|   4|0x0000000082600000, 0x0000000082700000, 0x0000000082700000|100%|HS|  |TAMS 0x0000000082700000| PB 0x0000000082600000| Complete |  0
|   5|0x0000000082700000, 0x0000000082800000, 0x0000000082800000|100%|HC|  |TAMS 0x0000000082800000| PB 0x0000000082700000| Complete |  0
|   6|0x0000000082800000, 0x0000000082900000, 0x0000000082900000|100%|HC|  |TAMS 0x0000000082900000| PB 0x0000000082800000| Complete |  0
|   7|0x0000000082900000, 0x0000000082a00000, 0x0000000082a00000|100%|HC|  |TAMS 0x0000000082a00000| PB 0x0000000082900000| Complete |  0
|   8|0x0000000082a00000, 0x0000000082b00000, 0x0000000082b00000|100%|HC|  |TAMS 0x0000000082b00000| PB 0x0000000082a00000| Complete |  0
|   9|0x0000000082b00000, 0x0000000082c00000, 0x0000000082c00000|100%|HC|  |TAMS 0x0000000082c00000| PB 0x0000000082b00000| Complete |  0
|  10|0x0000000082c00000, 0x0000000082d00000, 0x0000000082d00000|100%|HC|  |TAMS 0x0000000082d00000| PB 0x0000000082c00000| Complete |  0
|  11|0x0000000082d00000, 0x0000000082e00000, 0x0000000082e00000|100%|HC|  |TAMS 0x0000000082e00000| PB 0x0000000082d00000| Complete |  0
|  12|0x0000000082e00000, 0x0000000082f00000, 0x0000000082f00000|100%| O|  |TAMS 0x0000000082f00000| PB 0x0000000082e00000| Untracked |  0
|  13|0x0000000082f00000, 0x0000000083000000, 0x0000000083000000|100%| O|  |TAMS 0x0000000083000000| PB 0x0000000082f00000| Untracked |  0
|  14|0x0000000083000000, 0x0000000083100000, 0x0000000083100000|100%| O|  |TAMS 0x0000000083100000| PB 0x0000000083000000| Untracked |  0
|  15|0x0000000083100000, 0x0000000083200000, 0x0000000083200000|100%| O|  |TAMS 0x0000000083200000| PB 0x0000000083100000| Untracked |  0
|  16|0x0000000083200000, 0x0000000083300000, 0x0000000083300000|100%| O|  |TAMS 0x0000000083300000| PB 0x0000000083200000| Untracked |  0
|  17|0x0000000083300000, 0x0000000083400000, 0x0000000083400000|100%| O|  |TAMS 0x0000000083400000| PB 0x0000000083300000| Untracked |  0
|  18|0x0000000083400000, 0x0000000083500000, 0x0000000083500000|100%| O|  |TAMS 0x0000000083500000| PB 0x0000000083400000| Untracked |  0
|  19|0x0000000083500000, 0x0000000083600000, 0x0000000083600000|100%| O|  |TAMS 0x0000000083600000| PB 0x0000000083500000| Untracked |  0
|  20|0x0000000083600000, 0x0000000083700000, 0x0000000083700000|100%| O|  |TAMS 0x0000000083700000| PB 0x0000000083600000| Untracked |  0
|  21|0x0000000083700000, 0x0000000083800000, 0x0000000083800000|100%| O|  |TAMS 0x0000000083800000| PB 0x0000000083700000| Untracked |  0
|  22|0x0000000083800000, 0x0000000083900000, 0x0000000083900000|100%| O|  |TAMS 0x0000000083900000| PB 0x0000000083800000| Untracked |  0
|  23|0x0000000083900000, 0x0000000083a00000, 0x0000000083a00000|100%| O|  |TAMS 0x0000000083a00000| PB 0x0000000083900000| Untracked |  0
|  24|0x0000000083a00000, 0x0000000083b00000, 0x0000000083b00000|100%| O|  |TAMS 0x0000000083b00000| PB 0x0000000083a00000| Untracked |  0
|  25|0x0000000083b00000, 0x0000000083c00000, 0x0000000083c00000|100%| O|  |TAMS 0x0000000083c00000| PB 0x0000000083b00000| Untracked |  0
|  26|0x0000000083c00000, 0x0000000083d00000, 0x0000000083d00000|100%| O|  |TAMS 0x0000000083d00000| PB 0x0000000083c00000| Untracked |  0
|  27|0x0000000083d00000, 0x0000000083e00000, 0x0000000083e00000|100%| O|  |TAMS 0x0000000083e00000| PB 0x0000000083d00000| Untracked |  0
|  28|0x0000000083e00000, 0x0000000083f00000, 0x0000000083f00000|100%| O|  |TAMS 0x0000000083f00000| PB 0x0000000083e00000| Untracked |  0
|  29|0x0000000083f00000, 0x0000000084000000, 0x0000000084000000|100%| O|  |TAMS 0x0000000084000000| PB 0x0000000083f00000| Untracked |  0
|  30|0x0000000084000000, 0x0000000084100000, 0x0000000084100000|100%| O|  |TAMS 0x0000000084100000| PB 0x0000000084000000| Untracked |  0
|  31|0x0000000084100000, 0x0000000084200000, 0x0000000084200000|100%| O|  |TAMS 0x0000000084200000| PB 0x0000000084100000| Untracked |  0
|  32|0x0000000084200000, 0x0000000084300000, 0x0000000084300000|100%| O|  |TAMS 0x0000000084300000| PB 0x0000000084200000| Untracked |  0
|  33|0x0000000084300000, 0x0000000084400000, 0x0000000084400000|100%| O|  |TAMS 0x0000000084400000| PB 0x0000000084300000| Untracked |  0
|  34|0x0000000084400000, 0x0000000084500000, 0x0000000084500000|100%| O|  |TAMS 0x0000000084500000| PB 0x0000000084400000| Untracked |  0
|  35|0x0000000084500000, 0x0000000084600000, 0x0000000084600000|100%| O|  |TAMS 0x0000000084600000| PB 0x0000000084500000| Untracked |  0
|  36|0x0000000084600000, 0x0000000084700000, 0x0000000084700000|100%| O|  |TAMS 0x0000000084700000| PB 0x0000000084600000| Untracked |  0
|  37|0x0000000084700000, 0x0000000084800000, 0x0000000084800000|100%| O|  |TAMS 0x0000000084800000| PB 0x0000000084700000| Untracked |  0
|  38|0x0000000084800000, 0x0000000084900000, 0x0000000084900000|100%| O|  |TAMS 0x0000000084900000| PB 0x0000000084800000| Untracked |  0
|  39|0x0000000084900000, 0x0000000084a00000, 0x0000000084a00000|100%| O|  |TAMS 0x0000000084a00000| PB 0x0000000084900000| Untracked |  0
|  40|0x0000000084a00000, 0x0000000084b00000, 0x0000000084b00000|100%| O|  |TAMS 0x0000000084b00000| PB 0x0000000084a00000| Untracked |  0
|  41|0x0000000084b00000, 0x0000000084c00000, 0x0000000084c00000|100%| O|  |TAMS 0x0000000084c00000| PB 0x0000000084b00000| Untracked |  0
|  42|0x0000000084c00000, 0x0000000084d00000, 0x0000000084d00000|100%| O|  |TAMS 0x0000000084d00000| PB 0x0000000084c00000| Untracked |  0
|  43|0x0000000084d00000, 0x0000000084e00000, 0x0000000084e00000|100%| O|  |TAMS 0x0000000084e00000| PB 0x0000000084d00000| Untracked |  0
|  44|0x0000000084e00000, 0x0000000084f00000, 0x0000000084f00000|100%| O|  |TAMS 0x0000000084f00000| PB 0x0000000084e00000| Untracked |  0
|  45|0x0000000084f00000, 0x0000000085000000, 0x0000000085000000|100%| O|  |TAMS 0x0000000085000000| PB 0x0000000084f00000| Untracked |  0
|  46|0x0000000085000000, 0x0000000085100000, 0x0000000085100000|100%| O|  |TAMS 0x0000000085100000| PB 0x0000000085000000| Untracked |  0
|  47|0x0000000085100000, 0x0000000085200000, 0x0000000085200000|100%| O|  |TAMS 0x0000000085200000| PB 0x0000000085100000| Untracked |  0
|  48|0x0000000085200000, 0x0000000085300000, 0x0000000085300000|100%| O|  |TAMS 0x0000000085300000| PB 0x0000000085200000| Untracked |  0
|  49|0x0000000085300000, 0x0000000085400000, 0x0000000085400000|100%| O|  |TAMS 0x0000000085400000| PB 0x0000000085300000| Untracked |  0
|  50|0x0000000085400000, 0x0000000085500000, 0x0000000085500000|100%| O|  |TAMS 0x0000000085500000| PB 0x0000000085400000| Untracked |  0
|  51|0x0000000085500000, 0x0000000085600000, 0x0000000085600000|100%| O|  |TAMS 0x0000000085600000| PB 0x0000000085500000| Untracked |  0
|  52|0x0000000085600000, 0x0000000085700000, 0x0000000085700000|100%| O|  |TAMS 0x0000000085700000| PB 0x0000000085600000| Untracked |  0
|  53|0x0000000085700000, 0x0000000085800000, 0x0000000085800000|100%| O|  |TAMS 0x0000000085800000| PB 0x0000000085700000| Untracked |  0
|  54|0x0000000085800000, 0x0000000085900000, 0x0000000085900000|100%| O|  |TAMS 0x0000000085900000| PB 0x0000000085800000| Untracked |  0
|  55|0x0000000085900000, 0x0000000085a00000, 0x0000000085a00000|100%| O|  |TAMS 0x0000000085a00000| PB 0x0000000085900000| Untracked |  0
|  56|0x0000000085a00000, 0x0000000085b00000, 0x0000000085b00000|100%| O|  |TAMS 0x0000000085b00000| PB 0x0000000085a00000| Untracked |  0
|  57|0x0000000085b00000, 0x0000000085c00000, 0x0000000085c00000|100%| O|  |TAMS 0x0000000085c00000| PB 0x0000000085b00000| Untracked |  0
|  58|0x0000000085c00000, 0x0000000085d00000, 0x0000000085d00000|100%| O|  |TAMS 0x0000000085d00000| PB 0x0000000085c00000| Untracked |  0
|  59|0x0000000085d00000, 0x0000000085e00000, 0x0000000085e00000|100%| O|  |TAMS 0x0000000085e00000| PB 0x0000000085d00000| Untracked |  0
|  60|0x0000000085e00000, 0x0000000085f00000, 0x0000000085f00000|100%| O|  |TAMS 0x0000000085f00000| PB 0x0000000085e00000| Untracked |  0
|  61|0x0000000085f00000, 0x0000000086000000, 0x0000000086000000|100%| O|  |TAMS 0x0000000086000000| PB 0x0000000085f00000| Untracked |  0
|  62|0x0000000086000000, 0x0000000086100000, 0x0000000086100000|100%| O|  |TAMS 0x0000000086100000| PB 0x0000000086000000| Untracked |  0
|  63|0x0000000086100000, 0x0000000086200000, 0x0000000086200000|100%| O|  |TAMS 0x0000000086200000| PB 0x0000000086100000| Untracked |  0
|  64|0x0000000086200000, 0x0000000086300000, 0x0000000086300000|100%| O|  |TAMS 0x0000000086300000| PB 0x0000000086200000| Untracked |  0
|  65|0x0000000086300000, 0x0000000086400000, 0x0000000086400000|100%| O|  |TAMS 0x0000000086400000| PB 0x0000000086300000| Untracked |  0
|  66|0x0000000086400000, 0x0000000086500000, 0x0000000086500000|100%| O|  |TAMS 0x0000000086500000| PB 0x0000000086400000| Untracked |  0
|  67|0x0000000086500000, 0x0000000086600000, 0x0000000086600000|100%| O|  |TAMS 0x00000000865f01b0| PB 0x0000000086500000| Untracked |  0
|  68|0x0000000086600000, 0x0000000086700000, 0x0000000086700000|100%| O|  |TAMS 0x0000000086600000| PB 0x0000000086600000| Untracked |  0
|  69|0x0000000086700000, 0x00000000867c7a60, 0x0000000086800000| 77%| O|  |TAMS 0x0000000086700000| PB 0x0000000086700000| Untracked |  0
|  70|0x0000000086800000, 0x0000000086800000, 0x0000000086900000|  0%| F|  |TAMS 0x0000000086800000| PB 0x0000000086800000| Untracked |  0
|  71|0x0000000086900000, 0x0000000086900000, 0x0000000086a00000|  0%| F|  |TAMS 0x0000000086900000| PB 0x0000000086900000| Untracked |  0
|  72|0x0000000086a00000, 0x0000000086a00000, 0x0000000086b00000|  0%| F|  |TAMS 0x0000000086a00000| PB 0x0000000086a00000| Untracked |  0
|  73|0x0000000086b00000, 0x0000000086b00000, 0x0000000086c00000|  0%| F|  |TAMS 0x0000000086b00000| PB 0x0000000086b00000| Untracked |  0
|  74|0x0000000086c00000, 0x0000000086c00000, 0x0000000086d00000|  0%| F|  |TAMS 0x0000000086c00000| PB 0x0000000086c00000| Untracked |  0
|  75|0x0000000086d00000, 0x0000000086d00000, 0x0000000086e00000|  0%| F|  |TAMS 0x0000000086d00000| PB 0x0000000086d00000| Untracked |  0
|  76|0x0000000086e00000, 0x0000000086e00000, 0x0000000086f00000|  0%| F|  |TAMS 0x0000000086e00000| PB 0x0000000086e00000| Untracked |  0
|  77|0x0000000086f00000, 0x0000000086f00000, 0x0000000087000000|  0%| F|  |TAMS 0x0000000086f00000| PB 0x0000000086f00000| Untracked |  0
|  78|0x0000000087000000, 0x0000000087000000, 0x0000000087100000|  0%| F|  |TAMS 0x0000000087000000| PB 0x0000000087000000| Untracked |  0
|  79|0x0000000087100000, 0x0000000087100000, 0x0000000087200000|  0%| F|  |TAMS 0x0000000087100000| PB 0x0000000087100000| Untracked |  0
|  80|0x0000000087200000, 0x0000000087200000, 0x0000000087300000|  0%| F|  |TAMS 0x0000000087200000| PB 0x0000000087200000| Untracked |  0
|  81|0x0000000087300000, 0x0000000087300000, 0x0000000087400000|  0%| F|  |TAMS 0x0000000087300000| PB 0x0000000087300000| Untracked |  0
|  82|0x0000000087400000, 0x0000000087400000, 0x0000000087500000|  0%| F|  |TAMS 0x0000000087400000| PB 0x0000000087400000| Untracked |  0
|  83|0x0000000087500000, 0x0000000087500000, 0x0000000087600000|  0%| F|  |TAMS 0x0000000087500000| PB 0x0000000087500000| Untracked |  0
|  84|0x0000000087600000, 0x0000000087600000, 0x0000000087700000|  0%| F|  |TAMS 0x0000000087600000| PB 0x0000000087600000| Untracked |  0
|  85|0x0000000087700000, 0x0000000087700000, 0x0000000087800000|  0%| F|  |TAMS 0x0000000087700000| PB 0x0000000087700000| Untracked |  0
|  86|0x0000000087800000, 0x0000000087800000, 0x0000000087900000|  0%| F|  |TAMS 0x0000000087800000| PB 0x0000000087800000| Untracked |  0
|  87|0x0000000087900000, 0x0000000087900000, 0x0000000087a00000|  0%| F|  |TAMS 0x0000000087900000| PB 0x0000000087900000| Untracked |  0
|  88|0x0000000087a00000, 0x0000000087a00000, 0x0000000087b00000|  0%| F|  |TAMS 0x0000000087a00000| PB 0x0000000087a00000| Untracked |  0
|  89|0x0000000087b00000, 0x0000000087b00000, 0x0000000087c00000|  0%| F|  |TAMS 0x0000000087b00000| PB 0x0000000087b00000| Untracked |  0
|  90|0x0000000087c00000, 0x0000000087c00000, 0x0000000087d00000|  0%| F|  |TAMS 0x0000000087c00000| PB 0x0000000087c00000| Untracked |  0
|  91|0x0000000087d00000, 0x0000000087d00000, 0x0000000087e00000|  0%| F|  |TAMS 0x0000000087d00000| PB 0x0000000087d00000| Untracked |  0
|  92|0x0000000087e00000, 0x0000000087e00000, 0x0000000087f00000|  0%| F|  |TAMS 0x0000000087e00000| PB 0x0000000087e00000| Untracked |  0
|  93|0x0000000087f00000, 0x0000000087f00000, 0x0000000088000000|  0%| F|  |TAMS 0x0000000087f00000| PB 0x0000000087f00000| Untracked |  0
|  94|0x0000000088000000, 0x0000000088000000, 0x0000000088100000|  0%| F|  |TAMS 0x0000000088000000| PB 0x0000000088000000| Untracked |  0
|  95|0x0000000088100000, 0x0000000088100000, 0x0000000088200000|  0%| F|  |TAMS 0x0000000088100000| PB 0x0000000088100000| Untracked |  0
|  96|0x0000000088200000, 0x0000000088200000, 0x0000000088300000|  0%| F|  |TAMS 0x0000000088200000| PB 0x0000000088200000| Untracked |  0
|  97|0x0000000088300000, 0x0000000088300000, 0x0000000088400000|  0%| F|  |TAMS 0x0000000088300000| PB 0x0000000088300000| Untracked |  0
|  98|0x0000000088400000, 0x0000000088400000, 0x0000000088500000|  0%| F|  |TAMS 0x0000000088400000| PB 0x0000000088400000| Untracked |  0
|  99|0x0000000088500000, 0x0000000088500000, 0x0000000088600000|  0%| F|  |TAMS 0x0000000088500000| PB 0x0000000088500000| Untracked |  0
| 100|0x0000000088600000, 0x0000000088600000, 0x0000000088700000|  0%| F|  |TAMS 0x0000000088600000| PB 0x0000000088600000| Untracked |  0
| 101|0x0000000088700000, 0x0000000088700000, 0x0000000088800000|  0%| F|  |TAMS 0x0000000088700000| PB 0x0000000088700000| Untracked |  0
| 102|0x0000000088800000, 0x0000000088800000, 0x0000000088900000|  0%| F|  |TAMS 0x0000000088800000| PB 0x0000000088800000| Untracked |  0
| 103|0x0000000088900000, 0x0000000088900000, 0x0000000088a00000|  0%| F|  |TAMS 0x0000000088900000| PB 0x0000000088900000| Untracked |  0
| 104|0x0000000088a00000, 0x0000000088a00000, 0x0000000088b00000|  0%| F|  |TAMS 0x0000000088a00000| PB 0x0000000088a00000| Untracked |  0
| 105|0x0000000088b00000, 0x0000000088b00000, 0x0000000088c00000|  0%| F|  |TAMS 0x0000000088b00000| PB 0x0000000088b00000| Untracked |  0
| 106|0x0000000088c00000, 0x0000000088c00000, 0x0000000088d00000|  0%| F|  |TAMS 0x0000000088c00000| PB 0x0000000088c00000| Untracked |  0
| 107|0x0000000088d00000, 0x0000000088d00000, 0x0000000088e00000|  0%| F|  |TAMS 0x0000000088d00000| PB 0x0000000088d00000| Untracked |  0
| 108|0x0000000088e00000, 0x0000000088e00000, 0x0000000088f00000|  0%| F|  |TAMS 0x0000000088e00000| PB 0x0000000088e00000| Untracked |  0
| 109|0x0000000088f00000, 0x0000000088f00000, 0x0000000089000000|  0%| F|  |TAMS 0x0000000088f00000| PB 0x0000000088f00000| Untracked |  0
| 110|0x0000000089000000, 0x0000000089000000, 0x0000000089100000|  0%| F|  |TAMS 0x0000000089000000| PB 0x0000000089000000| Untracked |  0
| 111|0x0000000089100000, 0x0000000089100000, 0x0000000089200000|  0%| F|  |TAMS 0x0000000089100000| PB 0x0000000089100000| Untracked |  0
| 112|0x0000000089200000, 0x0000000089200000, 0x0000000089300000|  0%| F|  |TAMS 0x0000000089200000| PB 0x0000000089200000| Untracked |  0
| 113|0x0000000089300000, 0x0000000089300000, 0x0000000089400000|  0%| F|  |TAMS 0x0000000089300000| PB 0x0000000089300000| Untracked |  0
| 114|0x0000000089400000, 0x0000000089400000, 0x0000000089500000|  0%| F|  |TAMS 0x0000000089400000| PB 0x0000000089400000| Untracked |  0
| 115|0x0000000089500000, 0x0000000089500000, 0x0000000089600000|  0%| F|  |TAMS 0x0000000089500000| PB 0x0000000089500000| Untracked |  0
| 116|0x0000000089600000, 0x0000000089600000, 0x0000000089700000|  0%| F|  |TAMS 0x0000000089600000| PB 0x0000000089600000| Untracked |  0
| 117|0x0000000089700000, 0x0000000089700000, 0x0000000089800000|  0%| F|  |TAMS 0x0000000089700000| PB 0x0000000089700000| Untracked |  0
| 118|0x0000000089800000, 0x0000000089800000, 0x0000000089900000|  0%| F|  |TAMS 0x0000000089800000| PB 0x0000000089800000| Untracked |  0
| 119|0x0000000089900000, 0x0000000089900000, 0x0000000089a00000|  0%| F|  |TAMS 0x0000000089900000| PB 0x0000000089900000| Untracked |  0
| 120|0x0000000089a00000, 0x0000000089a00000, 0x0000000089b00000|  0%| F|  |TAMS 0x0000000089a00000| PB 0x0000000089a00000| Untracked |  0
| 121|0x0000000089b00000, 0x0000000089b00000, 0x0000000089c00000|  0%| F|  |TAMS 0x0000000089b00000| PB 0x0000000089b00000| Untracked |  0
| 122|0x0000000089c00000, 0x0000000089c00000, 0x0000000089d00000|  0%| F|  |TAMS 0x0000000089c00000| PB 0x0000000089c00000| Untracked |  0
| 123|0x0000000089d00000, 0x0000000089d00000, 0x0000000089e00000|  0%| F|  |TAMS 0x0000000089d00000| PB 0x0000000089d00000| Untracked |  0
| 124|0x0000000089e00000, 0x0000000089e00000, 0x0000000089f00000|  0%| F|  |TAMS 0x0000000089e00000| PB 0x0000000089e00000| Untracked |  0
| 125|0x0000000089f00000, 0x0000000089f00000, 0x000000008a000000|  0%| F|  |TAMS 0x0000000089f00000| PB 0x0000000089f00000| Untracked |  0
| 126|0x000000008a000000, 0x000000008a000000, 0x000000008a100000|  0%| F|  |TAMS 0x000000008a000000| PB 0x000000008a000000| Untracked |  0
| 127|0x000000008a100000, 0x000000008a100000, 0x000000008a200000|  0%| F|  |TAMS 0x000000008a100000| PB 0x000000008a100000| Untracked |  0
| 128|0x000000008a200000, 0x000000008a200000, 0x000000008a300000|  0%| F|  |TAMS 0x000000008a200000| PB 0x000000008a200000| Untracked |  0
| 129|0x000000008a300000, 0x000000008a400000, 0x000000008a400000|100%| S|CS|TAMS 0x000000008a300000| PB 0x000000008a300000| Complete |  0
| 130|0x000000008a400000, 0x000000008a500000, 0x000000008a500000|100%| S|CS|TAMS 0x000000008a400000| PB 0x000000008a400000| Complete |  0
| 131|0x000000008a500000, 0x000000008a600000, 0x000000008a600000|100%| S|CS|TAMS 0x000000008a500000| PB 0x000000008a500000| Complete |  0
| 132|0x000000008a600000, 0x000000008a600000, 0x000000008a700000|  0%| F|  |TAMS 0x000000008a600000| PB 0x000000008a600000| Untracked |  0
| 133|0x000000008a700000, 0x000000008a700000, 0x000000008a800000|  0%| F|  |TAMS 0x000000008a700000| PB 0x000000008a700000| Untracked |  0
| 134|0x000000008a800000, 0x000000008a800000, 0x000000008a900000|  0%| F|  |TAMS 0x000000008a800000| PB 0x000000008a800000| Untracked |  0
| 135|0x000000008a900000, 0x000000008a900000, 0x000000008aa00000|  0%| F|  |TAMS 0x000000008a900000| PB 0x000000008a900000| Untracked |  0
| 136|0x000000008aa00000, 0x000000008aa00000, 0x000000008ab00000|  0%| F|  |TAMS 0x000000008aa00000| PB 0x000000008aa00000| Untracked |  0
| 137|0x000000008ab00000, 0x000000008ab00000, 0x000000008ac00000|  0%| F|  |TAMS 0x000000008ab00000| PB 0x000000008ab00000| Untracked |  0
| 138|0x000000008ac00000, 0x000000008ac00000, 0x000000008ad00000|  0%| F|  |TAMS 0x000000008ac00000| PB 0x000000008ac00000| Untracked |  0
| 139|0x000000008ad00000, 0x000000008ad00000, 0x000000008ae00000|  0%| F|  |TAMS 0x000000008ad00000| PB 0x000000008ad00000| Untracked |  0
| 140|0x000000008ae00000, 0x000000008ae00000, 0x000000008af00000|  0%| F|  |TAMS 0x000000008ae00000| PB 0x000000008ae00000| Untracked |  0
| 141|0x000000008af00000, 0x000000008af00000, 0x000000008b000000|  0%| F|  |TAMS 0x000000008af00000| PB 0x000000008af00000| Untracked |  0
| 142|0x000000008b000000, 0x000000008b000000, 0x000000008b100000|  0%| F|  |TAMS 0x000000008b000000| PB 0x000000008b000000| Untracked |  0
| 143|0x000000008b100000, 0x000000008b100000, 0x000000008b200000|  0%| F|  |TAMS 0x000000008b100000| PB 0x000000008b100000| Untracked |  0
| 144|0x000000008b200000, 0x000000008b200000, 0x000000008b300000|  0%| F|  |TAMS 0x000000008b200000| PB 0x000000008b200000| Untracked |  0
| 145|0x000000008b300000, 0x000000008b300000, 0x000000008b400000|  0%| F|  |TAMS 0x000000008b300000| PB 0x000000008b300000| Untracked |  0
| 146|0x000000008b400000, 0x000000008b400000, 0x000000008b500000|  0%| F|  |TAMS 0x000000008b400000| PB 0x000000008b400000| Untracked |  0
| 147|0x000000008b500000, 0x000000008b500000, 0x000000008b600000|  0%| F|  |TAMS 0x000000008b500000| PB 0x000000008b500000| Untracked |  0
| 148|0x000000008b600000, 0x000000008b600000, 0x000000008b700000|  0%| F|  |TAMS 0x000000008b600000| PB 0x000000008b600000| Untracked |  0
| 149|0x000000008b700000, 0x000000008b700000, 0x000000008b800000|  0%| F|  |TAMS 0x000000008b700000| PB 0x000000008b700000| Untracked |  0
| 150|0x000000008b800000, 0x000000008b800000, 0x000000008b900000|  0%| F|  |TAMS 0x000000008b800000| PB 0x000000008b800000| Untracked |  0
| 151|0x000000008b900000, 0x000000008b900000, 0x000000008ba00000|  0%| F|  |TAMS 0x000000008b900000| PB 0x000000008b900000| Untracked |  0
|2012|0x00000000ffe00000, 0x00000000fff00000, 0x00000000fff00000|100%| O|  |TAMS 0x00000000fff00000| PB 0x00000000ffe00000| Untracked |  0
|2013|0x00000000fff00000, 0x00000000fff1d248, 0x0000000100000000| 11%| O|  |TAMS 0x00000000fff1d248| PB 0x00000000fff00000| Untracked |  0

Card table byte_map: [0x000001c3c5540000,0x000001c3c5930000] _byte_map_base: 0x000001c3c512f000

Marking Bits: (CMBitMap*) 0x000001c3ad8fa340
 Bits: [0x000001c3c5930000, 0x000001c3c78a8000)

Polling page: 0x000001c3ad080000

Metaspace:

Usage:
  Non-class:     17.44 MB used.
      Class:      1.56 MB used.
       Both:     19.01 MB used.

Virtual space:
  Non-class space:       64.00 MB reserved,      17.62 MB ( 28%) committed,  1 nodes.
      Class space:        1.00 GB reserved,       1.75 MB ( <1%) committed,  1 nodes.
             Both:        1.06 GB reserved,      19.38 MB (  2%) committed. 

Chunk freelists:
   Non-Class:  14.41 MB
       Class:  14.30 MB
        Both:  28.71 MB

MaxMetaspaceSize: unlimited
CompressedClassSpaceSize: 1.00 GB
Initial GC threshold: 21.00 MB
Current GC threshold: 21.00 MB
CDS: on
 - commit_granule_bytes: 65536.
 - commit_granule_words: 8192.
 - virtual_space_node_default_size: 8388608.
 - enlarge_chunks_in_place: 1.
UseCompressedClassPointers 1, UseCompactObjectHeaders 0
Narrow klass pointer bits 32, Max shift 3
Narrow klass base: 0x000001c3ca000000, Narrow klass shift: 0
Encoding Range: [0x000001c3ca000000 - 0x000001c4ca000000), (4294967296 bytes)
Klass Range:    [0x000001c3ca000000 - 0x000001c40b000000), (1090519040 bytes)
Klass ID Range:  [8 - 1090519033) (1090519025)


Internal statistics:

num_allocs_failed_limit: 0.
num_arena_births: 242.
num_arena_deaths: 0.
num_vsnodes_births: 2.
num_vsnodes_deaths: 0.
num_space_committed: 310.
num_space_uncommitted: 0.
num_chunks_returned_to_freelist: 0.
num_chunks_taken_from_freelist: 544.
num_chunk_merges: 0.
num_chunk_splits: 350.
num_chunks_enlarged: 218.
num_inconsistent_stats: 0.

CodeHeap 'non-profiled nmethods': size=120064Kb used=6653Kb max_used=6653Kb free=113410Kb
 bounds [0x000001c3bdc10000, 0x000001c3be290000, 0x000001c3c5150000]
CodeHeap 'profiled nmethods': size=120000Kb used=13369Kb max_used=13369Kb free=106630Kb
 bounds [0x000001c3b6150000, 0x000001c3b6e60000, 0x000001c3bd680000]
CodeHeap 'non-nmethods': size=5696Kb used=1645Kb max_used=1744Kb free=4051Kb
 bounds [0x000001c3bd680000, 0x000001c3bd8f0000, 0x000001c3bdc10000]
CodeCache: size=245760Kb, used=21667Kb, max_used=21766Kb, free=224091Kb
 total_blobs=8465, nmethods=7648, adapters=722, full_count=0
Compilation: enabled, stopped_count=0, restarted_count=0

Compilation events (20 events):
Event: 831.243 Thread 0x000001c3c9ee7330 nmethod 7643 0x000001c3b6e5c988 code [0x000001c3b6e5cac0, 0x000001c3b6e5cf58]
Event: 831.243 Thread 0x000001c3c9ee7330 7645       3       com.formdev.flatlaf.ui.FlatTitlePane$Handler::windowStateChanged (15 bytes)
Event: 831.272 Thread 0x000001c3c9ee7330 nmethod 7645 0x000001c3b6e5cf88 code [0x000001c3b6e5d0c0, 0x000001c3b6e5d278]
Event: 831.272 Thread 0x000001c3c9ee7330 7644       3       java.awt.Window::processWindowStateEvent (43 bytes)
Event: 831.273 Thread 0x000001c3c9ee7330 nmethod 7644 0x000001c3b6e5d308 code [0x000001c3b6e5d440, 0x000001c3b6e5d730]
Event: 831.356 Thread 0x000001c3c9ee0770 nmethod 7641 0x000001c3be28c288 code [0x000001c3be28c3a0, 0x000001c3be28c588]
Event: 831.484 Thread 0x000001c3c9ee0770 7646       4       java.util.concurrent.ThreadPoolExecutor$Worker::lock (6 bytes)
Event: 831.494 Thread 0x000001c3c9ee0770 nmethod 7646 0x000001c3be28c608 code [0x000001c3be28c700, 0x000001c3be28c8b0]
Event: 831.512 Thread 0x000001c3c9ee0770 7647       4       jdk.internal.math.DoubleToDecimal::toChars (177 bytes)
Event: 831.518 Thread 0x000001c3c9ee0770 nmethod 7647 0x000001c3be28c908 code [0x000001c3be28ca00, 0x000001c3be28cb80]
Event: 831.518 Thread 0x000001c3c9ee0770 7648       4       javax.swing.SwingWorker::doneEDT (40 bytes)
Event: 831.619 Thread 0x000001c3c9ee0770 nmethod 7648 0x000001c3be28cc08 code [0x000001c3be28ce40, 0x000001c3be28e420]
Event: 831.620 Thread 0x000001c3c9ee0770 7650   !   4       com.mysql.cj.jdbc.ConnectionImpl::createStatement (21 bytes)
Event: 831.674 Thread 0x000001c3c9ee0770 nmethod 7650 0x000001c3be28e608 code [0x000001c3be28e760, 0x000001c3be28ec30]
Event: 831.675 Thread 0x000001c3c9ee0770 7649       4       jdk.internal.math.DoubleToDecimal::toDecimal (394 bytes)
Event: 831.681 Thread 0x000001c3c9ee0770 nmethod 7649 0x000001c3be28ed08 code [0x000001c3be28ee20, 0x000001c3be28f3f8]
Event: 831.799 Thread 0x000001c3c9ee7330 7651       3       javax.swing.RepaintManager::addDirtyRegion (12 bytes)
Event: 831.799 Thread 0x000001c3c9ee7330 nmethod 7651 0x000001c3b6e5d788 code [0x000001c3b6e5d8a0, 0x000001c3b6e5d9d0]
Event: 831.911 Thread 0x000001c3c9ee7330 7652   !   3       java.util.concurrent.locks.LockSupport::park (52 bytes)
Event: 831.913 Thread 0x000001c3c9ee7330 nmethod 7652 0x000001c3b6e5da88 code [0x000001c3b6e5dc40, 0x000001c3b6e5e508]

GC Heap History (20 events):
Event: 764.546 GC heap after
{Heap after GC invocations=79 (full 0):
 garbage-first heap   total reserved 2062336K, committed 157696K, used 63320K [0x0000000082200000, 0x0000000100000000)
  region size 1024K, 1 young (1024K), 1 survivors (1024K)
 Metaspace       used 19452K, committed 19776K, reserved 1114112K
  class space    used 1598K, committed 1792K, reserved 1048576K
}
Event: 772.671 GC heap before
{Heap before GC invocations=79 (full 0):
 garbage-first heap   total reserved 2062336K, committed 157696K, used 128856K [0x0000000082200000, 0x0000000100000000)
  region size 1024K, 66 young (67584K), 1 survivors (1024K)
 Metaspace       used 19452K, committed 19776K, reserved 1114112K
  class space    used 1598K, committed 1792K, reserved 1048576K
}
Event: 772.703 GC heap after
{Heap after GC invocations=80 (full 0):
 garbage-first heap   total reserved 2062336K, committed 157696K, used 71469K [0x0000000082200000, 0x0000000100000000)
  region size 1024K, 8 young (8192K), 8 survivors (8192K)
 Metaspace       used 19452K, committed 19776K, reserved 1114112K
  class space    used 1598K, committed 1792K, reserved 1048576K
}
Event: 776.742 GC heap before
{Heap before GC invocations=80 (full 0):
 garbage-first heap   total reserved 2062336K, committed 157696K, used 126765K [0x0000000082200000, 0x0000000100000000)
  region size 1024K, 63 young (64512K), 8 survivors (8192K)
 Metaspace       used 19458K, committed 19840K, reserved 1114112K
  class space    used 1598K, committed 1792K, reserved 1048576K
}
Event: 776.753 GC heap after
{Heap after GC invocations=81 (full 0):
 garbage-first heap   total reserved 2062336K, committed 157696K, used 71450K [0x0000000082200000, 0x0000000100000000)
  region size 1024K, 8 young (8192K), 8 survivors (8192K)
 Metaspace       used 19458K, committed 19840K, reserved 1114112K
  class space    used 1598K, committed 1792K, reserved 1048576K
}
Event: 794.159 GC heap before
{Heap before GC invocations=81 (full 0):
 garbage-first heap   total reserved 2062336K, committed 157696K, used 136986K [0x0000000082200000, 0x0000000100000000)
  region size 1024K, 72 young (73728K), 8 survivors (8192K)
 Metaspace       used 19458K, committed 19840K, reserved 1114112K
  class space    used 1598K, committed 1792K, reserved 1048576K
}
Event: 794.226 GC heap after
{Heap after GC invocations=82 (full 0):
 garbage-first heap   total reserved 2062336K, committed 157696K, used 65065K [0x0000000082200000, 0x0000000100000000)
  region size 1024K, 1 young (1024K), 1 survivors (1024K)
 Metaspace       used 19458K, committed 19840K, reserved 1114112K
  class space    used 1598K, committed 1792K, reserved 1048576K
}
Event: 827.282 GC heap before
{Heap before GC invocations=82 (full 0):
 garbage-first heap   total reserved 2062336K, committed 157696K, used 138793K [0x0000000082200000, 0x0000000100000000)
  region size 1024K, 73 young (74752K), 1 survivors (1024K)
 Metaspace       used 19458K, committed 19840K, reserved 1114112K
  class space    used 1598K, committed 1792K, reserved 1048576K
}
Event: 827.499 GC heap after
{Heap after GC invocations=83 (full 0):
 garbage-first heap   total reserved 2062336K, committed 157696K, used 64918K [0x0000000082200000, 0x0000000100000000)
  region size 1024K, 1 young (1024K), 1 survivors (1024K)
 Metaspace       used 19458K, committed 19840K, reserved 1114112K
  class space    used 1598K, committed 1792K, reserved 1048576K
}
Event: 831.434 GC heap before
{Heap before GC invocations=83 (full 0):
 garbage-first heap   total reserved 2062336K, committed 157696K, used 77206K [0x0000000082200000, 0x0000000100000000)
  region size 1024K, 14 young (14336K), 1 survivors (1024K)
 Metaspace       used 19461K, committed 19840K, reserved 1114112K
  class space    used 1598K, committed 1792K, reserved 1048576K
}
Event: 831.447 GC heap after
{Heap after GC invocations=84 (full 0):
 garbage-first heap   total reserved 2062336K, committed 157696K, used 67110K [0x0000000082200000, 0x0000000100000000)
  region size 1024K, 2 young (2048K), 2 survivors (2048K)
 Metaspace       used 19461K, committed 19840K, reserved 1114112K
  class space    used 1598K, committed 1792K, reserved 1048576K
}
Event: 831.536 GC heap before
{Heap before GC invocations=84 (full 0):
 garbage-first heap   total reserved 2062336K, committed 157696K, used 75302K [0x0000000082200000, 0x0000000100000000)
  region size 1024K, 11 young (11264K), 2 survivors (2048K)
 Metaspace       used 19461K, committed 19840K, reserved 1114112K
  class space    used 1598K, committed 1792K, reserved 1048576K
}
Event: 831.546 GC heap after
{Heap after GC invocations=85 (full 0):
 garbage-first heap   total reserved 2062336K, committed 157696K, used 68642K [0x0000000082200000, 0x0000000100000000)
  region size 1024K, 2 young (2048K), 2 survivors (2048K)
 Metaspace       used 19461K, committed 19840K, reserved 1114112K
  class space    used 1598K, committed 1792K, reserved 1048576K
}
Event: 831.653 GC heap before
{Heap before GC invocations=85 (full 0):
 garbage-first heap   total reserved 2062336K, committed 157696K, used 75810K [0x0000000082200000, 0x0000000100000000)
  region size 1024K, 10 young (10240K), 2 survivors (2048K)
 Metaspace       used 19461K, committed 19840K, reserved 1114112K
  class space    used 1598K, committed 1792K, reserved 1048576K
}
Event: 831.656 GC heap after
{Heap after GC invocations=86 (full 0):
 garbage-first heap   total reserved 2062336K, committed 157696K, used 68944K [0x0000000082200000, 0x0000000100000000)
  region size 1024K, 2 young (2048K), 2 survivors (2048K)
 Metaspace       used 19461K, committed 19840K, reserved 1114112K
  class space    used 1598K, committed 1792K, reserved 1048576K
}
Event: 831.741 GC heap before
{Heap before GC invocations=86 (full 0):
 garbage-first heap   total reserved 2062336K, committed 157696K, used 80208K [0x0000000082200000, 0x0000000100000000)
  region size 1024K, 14 young (14336K), 2 survivors (2048K)
 Metaspace       used 19461K, committed 19840K, reserved 1114112K
  class space    used 1598K, committed 1792K, reserved 1048576K
}
Event: 831.748 GC heap after
{Heap after GC invocations=87 (full 0):
 garbage-first heap   total reserved 2062336K, committed 157696K, used 71139K [0x0000000082200000, 0x0000000100000000)
  region size 1024K, 2 young (2048K), 2 survivors (2048K)
 Metaspace       used 19461K, committed 19840K, reserved 1114112K
  class space    used 1598K, committed 1792K, reserved 1048576K
}
Event: 831.823 GC heap before
{Heap before GC invocations=87 (full 0):
 garbage-first heap   total reserved 2062336K, committed 157696K, used 85475K [0x0000000082200000, 0x0000000100000000)
  region size 1024K, 17 young (17408K), 2 survivors (2048K)
 Metaspace       used 19461K, committed 19840K, reserved 1114112K
  class space    used 1598K, committed 1792K, reserved 1048576K
}
Event: 831.833 GC heap after
{Heap after GC invocations=88 (full 0):
 garbage-first heap   total reserved 2062336K, committed 157696K, used 74586K [0x0000000082200000, 0x0000000100000000)
  region size 1024K, 3 young (3072K), 3 survivors (3072K)
 Metaspace       used 19461K, committed 19840K, reserved 1114112K
  class space    used 1598K, committed 1792K, reserved 1048576K
}
Event: 831.916 GC heap before
{Heap before GC invocations=88 (full 0):
 garbage-first heap   total reserved 2062336K, committed 157696K, used 89946K [0x0000000082200000, 0x0000000100000000)
  region size 1024K, 19 young (19456K), 3 survivors (3072K)
 Metaspace       used 19461K, committed 19840K, reserved 1114112K
  class space    used 1598K, committed 1792K, reserved 1048576K
}

Dll operation events (13 events):
Event: 0.020 Loaded shared library C:\Program Files\Java\jdk-24\bin\java.dll
Event: 0.057 Loaded shared library C:\Program Files\Java\jdk-24\bin\jsvml.dll
Event: 0.118 Loaded shared library C:\Program Files\Java\jdk-24\bin\zip.dll
Event: 0.122 Loaded shared library C:\Program Files\Java\jdk-24\bin\instrument.dll
Event: 0.134 Loaded shared library C:\Program Files\Java\jdk-24\bin\net.dll
Event: 0.136 Loaded shared library C:\Program Files\Java\jdk-24\bin\nio.dll
Event: 0.142 Loaded shared library C:\Program Files\Java\jdk-24\bin\zip.dll
Event: 0.178 Loaded shared library C:\Program Files\Java\jdk-24\bin\extnet.dll
Event: 0.195 Loaded shared library C:\Program Files\Java\jdk-24\bin\jimage.dll
Event: 0.208 Loaded shared library C:\Program Files\Java\jdk-24\bin\awt.dll
Event: 0.398 Loaded shared library C:\Users\WINDOWS 11\AppData\Local\Temp\flatlaf.temp\flatlaf-windows-x86_64-1208245461282000.dll
Event: 0.517 Loaded shared library C:\Program Files\Java\jdk-24\bin\freetype.dll
Event: 0.521 Loaded shared library C:\Program Files\Java\jdk-24\bin\fontmanager.dll

Deoptimization events (20 events):
Event: 633.353 Thread 0x000001c40f8865e0 Uncommon trap: trap_request=0xfffffff4 fr.pc=0x000001c3be228bb0 relative=0x0000000000000710
Event: 633.353 Thread 0x000001c40f8865e0 Uncommon trap: reason=null_check action=make_not_entrant pc=0x000001c3be228bb0 method=com.formdev.flatlaf.FlatClientProperties.clientProperty(Ljavax/swing/JComponent;Ljava/lang/String;Ljava/lang/Object;Ljava/lang/Class;)Ljava/lang/Object; @ 10 c2
Event: 633.353 Thread 0x000001c40f8865e0 DEOPT PACKING pc=0x000001c3be228bb0 sp=0x000000a9cb4fe810
Event: 633.354 Thread 0x000001c40f8865e0 DEOPT UNPACKING pc=0x000001c3bd795c02 sp=0x000000a9cb4fe6f0 mode 2
Event: 830.220 Thread 0x000001c40f8865e0 Uncommon trap: trap_request=0xffffff4d fr.pc=0x000001c3bdd8fc8c relative=0x0000000000001b2c
Event: 830.222 Thread 0x000001c40f8865e0 Uncommon trap: reason=unstable_if action=reinterpret pc=0x000001c3bdd8fc8c method=javax.swing.RepaintManager.addDirtyRegion0(Ljava/awt/Container;IIII)V @ 108 c2
Event: 830.222 Thread 0x000001c40f8865e0 DEOPT PACKING pc=0x000001c3bdd8fc8c sp=0x000000a9cb4feca0
Event: 830.223 Thread 0x000001c40f8865e0 DEOPT UNPACKING pc=0x000001c3bd795c02 sp=0x000000a9cb4feb40 mode 2
Event: 830.238 Thread 0x000001c40f8865e0 Uncommon trap: trap_request=0xffffff4d fr.pc=0x000001c3be220930 relative=0x00000000000010d0
Event: 830.238 Thread 0x000001c40f8865e0 Uncommon trap: reason=unstable_if action=reinterpret pc=0x000001c3be220930 method=javax.swing.RepaintManager.addDirtyRegion0(Ljava/awt/Container;IIII)V @ 108 c2
Event: 830.238 Thread 0x000001c40f8865e0 DEOPT PACKING pc=0x000001c3be220930 sp=0x000000a9cb4ff0b0
Event: 830.238 Thread 0x000001c40f8865e0 DEOPT UNPACKING pc=0x000001c3bd795c02 sp=0x000000a9cb4ff008 mode 2
Event: 830.274 Thread 0x000001c40f8865e0 Uncommon trap: trap_request=0xffffff4d fr.pc=0x000001c3bdd921e8 relative=0x0000000000000fa8
Event: 830.274 Thread 0x000001c40f8865e0 Uncommon trap: reason=unstable_if action=reinterpret pc=0x000001c3bdd921e8 method=javax.swing.RepaintManager.addDirtyRegion0(Ljava/awt/Container;IIII)V @ 108 c2
Event: 830.274 Thread 0x000001c40f8865e0 DEOPT PACKING pc=0x000001c3bdd921e8 sp=0x000000a9cb4fe630
Event: 830.274 Thread 0x000001c40f8865e0 DEOPT UNPACKING pc=0x000001c3bd795c02 sp=0x000000a9cb4fe590 mode 2
Event: 830.309 Thread 0x000001c40f8865e0 Uncommon trap: trap_request=0xffffff4d fr.pc=0x000001c3bdff25b4 relative=0x00000000000024d4
Event: 830.309 Thread 0x000001c40f8865e0 Uncommon trap: reason=unstable_if action=reinterpret pc=0x000001c3bdff25b4 method=javax.swing.RepaintManager.paintDirtyRegions(Ljava/util/Map;)V @ 6 c2
Event: 830.310 Thread 0x000001c40f8865e0 DEOPT PACKING pc=0x000001c3bdff25b4 sp=0x000000a9cb4ff140
Event: 830.311 Thread 0x000001c40f8865e0 DEOPT UNPACKING pc=0x000001c3bd795c02 sp=0x000000a9cb4ff128 mode 2

Classes loaded (20 events):
Event: 15.079 Loading class sun/awt/ModalityEvent
Event: 15.079 Loading class sun/awt/ModalityEvent done
Event: 15.079 Loading class java/util/Vector$Itr
Event: 15.080 Loading class java/util/Vector$Itr done
Event: 15.082 Loading class java/awt/WaitDispatchSupport
Event: 15.082 Loading class java/awt/SecondaryLoop
Event: 15.082 Loading class java/awt/SecondaryLoop done
Event: 15.082 Loading class java/awt/WaitDispatchSupport done
Event: 15.082 Loading class java/awt/WaitDispatchSupport$4
Event: 15.083 Loading class java/awt/WaitDispatchSupport$4 done
Event: 15.083 Loading class java/awt/WaitDispatchSupport$1
Event: 15.083 Loading class java/awt/WaitDispatchSupport$1 done
Event: 15.083 Loading class java/awt/WaitDispatchSupport$2
Event: 15.084 Loading class java/awt/WaitDispatchSupport$2 done
Event: 15.090 Loading class javax/swing/JSpinner
Event: 15.091 Loading class javax/swing/JSpinner done
Event: 79.468 Loading class java/util/concurrent/locks/ReentrantReadWriteLock$Sync$HoldCounter
Event: 80.079 Loading class java/util/concurrent/locks/ReentrantReadWriteLock$Sync$HoldCounter done
Event: 123.856 Loading class sun/util/locale/LocaleExtensions
Event: 123.869 Loading class sun/util/locale/LocaleExtensions done

Classes unloaded (0 events):
No events

Classes redefined (0 events):
No events

Internal exceptions (20 events):
Event: 0.742 Thread 0x000001c40f8865e0 Implicit null exception at 0x000001c3bdc2e320 to 0x000001c3bdc2e39d
Event: 0.756 Thread 0x000001c40f8865e0 Exception <a 'java/lang/NoSuchMethodError'{0x000000008949dc88}: 'int java.lang.invoke.Invokers$Holder.invokeExact_MT(java.lang.Object, java.lang.Object)'> (0x000000008949dc88) 
thrown [s\open\src\hotspot\share\interpreter\linkResolver.cpp, line 805]
Event: 0.816 Thread 0x000001c40f8865e0 Exception <a 'java/lang/NoSuchMethodError'{0x000000008935e5b0}: 'java.lang.Object java.lang.invoke.DirectMethodHandle$Holder.invokeVirtual(java.lang.Object, java.lang.Object, java.lang.Object, java.lang.Object)'> (0x000000008935e5b0) 
thrown [s\open\src\hotspot\share\interpreter\linkResolver.cpp, line 805]
Event: 0.843 Thread 0x000001c40f8865e0 Exception <a 'java/lang/NoSuchMethodError'{0x0000000089386b20}: 'void java.lang.invoke.DelegatingMethodHandle$Holder.reinvoke_L(java.lang.Object, java.lang.Object, java.lang.Object, java.lang.Object, long, long, float)'> (0x0000000089386b20) 
thrown [s\open\src\hotspot\share\interpreter\linkResolver.cpp, line 805]
Event: 0.845 Thread 0x000001c40f8865e0 Exception <a 'java/lang/NoSuchMethodError'{0x00000000893a7170}: 'java.lang.Object java.lang.invoke.DirectMethodHandle$Holder.invokeStatic(java.lang.Object, java.lang.Object, java.lang.Object, java.lang.Object, java.lang.Object, long)'> (0x00000000893a7170) 
thrown [s\open\src\hotspot\share\interpreter\linkResolver.cpp, line 805]
Event: 0.849 Thread 0x000001c40f8865e0 Exception <a 'java/lang/NoSuchMethodError'{0x00000000893ea930}: 'float java.lang.invoke.DelegatingMethodHandle$Holder.reinvoke_L(java.lang.Object, java.lang.Object, java.lang.Object, java.lang.Object, long, long)'> (0x00000000893ea930) 
thrown [s\open\src\hotspot\share\interpreter\linkResolver.cpp, line 805]
Event: 0.912 Thread 0x000001c40f6d8be0 Exception <a 'java/lang/NoSuchMethodError'{0x0000000089b8ff40}: 'void java.lang.invoke.DirectMethodHandle$Holder.invokeVirtual(java.lang.Object, java.lang.Object)'> (0x0000000089b8ff40) 
thrown [s\open\src\hotspot\share\interpreter\linkResolver.cpp, line 805]
Event: 0.937 Thread 0x000001c40f8865e0 Exception <a 'java/lang/NoSuchMethodError'{0x000000008926e980}: 'void java.lang.invoke.DirectMethodHandle$Holder.invokeStaticInit(java.lang.Object)'> (0x000000008926e980) 
thrown [s\open\src\hotspot\share\interpreter\linkResolver.cpp, line 805]
Event: 1.137 Thread 0x000001c40f8865e0 Exception <a 'java/lang/NoSuchMethodError'{0x00000000891a0ee8}: 'int java.lang.invoke.DelegatingMethodHandle$Holder.reinvoke_L(java.lang.Object, java.lang.Object, java.lang.Object, java.lang.Object, long, long)'> (0x00000000891a0ee8) 
thrown [s\open\src\hotspot\share\interpreter\linkResolver.cpp, line 805]
Event: 1.140 Thread 0x000001c40f8865e0 Exception <a 'java/lang/NoSuchMethodError'{0x00000000891d3890}: 'long java.lang.invoke.DelegatingMethodHandle$Holder.reinvoke_L(java.lang.Object, java.lang.Object, java.lang.Object, java.lang.Object, long, long)'> (0x00000000891d3890) 
thrown [s\open\src\hotspot\share\interpreter\linkResolver.cpp, line 805]
Event: 6.417 Thread 0x000001c40fb8ce30 Exception <a 'java/lang/NoSuchMethodError'{0x0000000088ede280}: 'java.lang.Object java.lang.invoke.DirectMethodHandle$Holder.invokeInterface(java.lang.Object, java.lang.Object)'> (0x0000000088ede280) 
thrown [s\open\src\hotspot\share\interpreter\linkResolver.cpp, line 805]
Event: 6.448 Thread 0x000001c40fb8ce30 Exception <a 'java/lang/NoSuchMethodError'{0x0000000088ba71e8}: 'java.lang.Object java.lang.invoke.DirectMethodHandle$Holder.invokeVirtual(java.lang.Object, java.lang.Object, java.lang.Object)'> (0x0000000088ba71e8) 
thrown [s\open\src\hotspot\share\interpreter\linkResolver.cpp, line 805]
Event: 6.756 Thread 0x000001c40fb8ce30 Exception <a 'java/lang/NoSuchMethodError'{0x0000000089de2140}: 'int java.lang.invoke.DirectMethodHandle$Holder.invokeSpecial(java.lang.Object, java.lang.Object, java.lang.Object)'> (0x0000000089de2140) 
thrown [s\open\src\hotspot\share\interpreter\linkResolver.cpp, line 805]
Event: 6.763 Thread 0x000001c40fb8ce30 Exception <a 'java/lang/NoSuchMethodError'{0x0000000089c09318}: 'void java.lang.invoke.DirectMethodHandle$Holder.invokeStaticInit(java.lang.Object, java.lang.Object)'> (0x0000000089c09318) 
thrown [s\open\src\hotspot\share\interpreter\linkResolver.cpp, line 805]
Event: 6.767 Thread 0x000001c40fb8ce30 Exception <a 'java/lang/NoSuchMethodError'{0x0000000089c36dd0}: 'void java.lang.invoke.DirectMethodHandle$Holder.invokeInterface(java.lang.Object, java.lang.Object)'> (0x0000000089c36dd0) 
thrown [s\open\src\hotspot\share\interpreter\linkResolver.cpp, line 805]
Event: 6.802 Thread 0x000001c40f8865e0 Exception <a 'java/lang/NoSuchMethodError'{0x0000000089c86ad0}: 'void java.lang.invoke.DirectMethodHandle$Holder.invokeSpecial(java.lang.Object, java.lang.Object, java.lang.Object, java.lang.Object, java.lang.Object)'> (0x0000000089c86ad0) 
thrown [s\open\src\hotspot\share\interpreter\linkResolver.cpp, line 805]
Event: 8.017 Thread 0x000001c40f8865e0 Exception <a 'java/lang/NoSuchMethodError'{0x0000000089617898}: 'void java.lang.invoke.DirectMethodHandle$Holder.invokeVirtual(java.lang.Object, java.lang.Object, java.lang.Object, int, int, int, int, double)'> (0x0000000089617898) 
thrown [s\open\src\hotspot\share\interpreter\linkResolver.cpp, line 805]
Event: 16.463 Thread 0x000001c40f8865e0 Implicit null exception at 0x000001c3bdd7bc2e to 0x000001c3bdd7bec4
Event: 76.711 Thread 0x000001c40f25f6a0 Implicit null exception at 0x000001c3bdf65d97 to 0x000001c3bdf670c0
Event: 76.785 Thread 0x000001c40f2613e0 Implicit null exception at 0x000001c3bdf45897 to 0x000001c3bdf46640

VM Operations (20 events):
Event: 776.753 Executing VM operation: G1CollectForAllocation (G1 Evacuation Pause) done
Event: 782.288 Executing VM operation: HandshakeAllThreads (HandshakeForDeflation)
Event: 782.288 Executing VM operation: HandshakeAllThreads (HandshakeForDeflation) done
Event: 782.288 Executing VM operation: RendezvousGCThreads
Event: 782.288 Executing VM operation: RendezvousGCThreads done
Event: 794.157 Executing VM operation: G1CollectForAllocation (G1 Evacuation Pause)
Event: 794.226 Executing VM operation: G1CollectForAllocation (G1 Evacuation Pause) done
Event: 827.219 Executing VM operation: G1CollectForAllocation (G1 Evacuation Pause)
Event: 827.500 Executing VM operation: G1CollectForAllocation (G1 Evacuation Pause) done
Event: 831.433 Executing VM operation: G1CollectForAllocation (G1 Evacuation Pause)
Event: 831.447 Executing VM operation: G1CollectForAllocation (G1 Evacuation Pause) done
Event: 831.525 Executing VM operation: G1CollectForAllocation (G1 Evacuation Pause)
Event: 831.546 Executing VM operation: G1CollectForAllocation (G1 Evacuation Pause) done
Event: 831.650 Executing VM operation: G1CollectForAllocation (G1 Evacuation Pause)
Event: 831.657 Executing VM operation: G1CollectForAllocation (G1 Evacuation Pause) done
Event: 831.734 Executing VM operation: G1CollectForAllocation (G1 Evacuation Pause)
Event: 831.749 Executing VM operation: G1CollectForAllocation (G1 Evacuation Pause) done
Event: 831.822 Executing VM operation: G1CollectForAllocation (G1 Evacuation Pause)
Event: 831.833 Executing VM operation: G1CollectForAllocation (G1 Evacuation Pause) done
Event: 831.915 Executing VM operation: G1CollectForAllocation (G1 Evacuation Pause)

Memory protections (0 events):
No events

Nmethod flushes (0 events):
No events

Events (20 events):
Event: 52.347 Thread 0x000001c3c9ee0770 Thread added: 0x000001c411a863c0
Event: 52.920 Thread 0x000001c411a863c0 Thread exited: 0x000001c411a863c0
Event: 261.478 Thread 0x000001c3c9ee0770 Thread added: 0x000001c411d0c7f0
Event: 263.187 Thread 0x000001c411d0c7f0 Thread exited: 0x000001c411d0c7f0
Event: 287.578 Thread 0x000001c3c9ee0770 Thread added: 0x000001c40f147a70
Event: 288.924 Thread 0x000001c40f147a70 Thread exited: 0x000001c40f147a70
Event: 310.018 Thread 0x000001c3c9ee0770 Thread added: 0x000001c428b201d0
Event: 310.587 Thread 0x000001c428b201d0 Thread exited: 0x000001c428b201d0
Event: 328.579 Thread 0x000001c3c9ee0770 Thread added: 0x000001c41150f5c0
Event: 335.452 Thread 0x000001c41150f5c0 Thread exited: 0x000001c41150f5c0
Event: 470.757 Thread 0x000001c3c9ee0770 Thread added: 0x000001c411e23650
Event: 476.245 Thread 0x000001c411e23650 Thread exited: 0x000001c411e23650
Event: 499.685 Thread 0x000001c3c9ee0770 Thread added: 0x000001c411e238f0
Event: 509.440 Thread 0x000001c411e238f0 Thread exited: 0x000001c411e238f0
Event: 559.104 Thread 0x000001c3c9ee0770 Thread added: 0x000001c411e6ac70
Event: 564.393 Thread 0x000001c411e6ac70 Thread exited: 0x000001c411e6ac70
Event: 641.122 Thread 0x000001c3c9ee0770 Thread added: 0x000001c40f971a20
Event: 645.105 Thread 0x000001c40f971a20 Thread exited: 0x000001c40f971a20
Event: 694.089 Thread 0x000001c3c9ee0770 Thread added: 0x000001c41234a460
Event: 694.840 Thread 0x000001c41234a460 Thread exited: 0x000001c41234a460


Dynamic libraries:
0x00007ff679cf0000 - 0x00007ff679d00000 	C:\Program Files\Java\jdk-24\bin\java.exe
0x00007ffe658b0000 - 0x00007ffe65aa8000 	C:\Windows\SYSTEM32\ntdll.dll
0x00007ffe64380000 - 0x00007ffe64442000 	C:\Windows\System32\KERNEL32.DLL
0x00007ffe63380000 - 0x00007ffe63676000 	C:\Windows\System32\KERNELBASE.dll
0x00007ffe62fe0000 - 0x00007ffe630e0000 	C:\Windows\System32\ucrtbase.dll
0x00007ffe5d120000 - 0x00007ffe5d136000 	C:\Program Files\Java\jdk-24\bin\jli.dll
0x00007ffe656c0000 - 0x00007ffe65861000 	C:\Windows\System32\USER32.dll
0x00007ffe5da60000 - 0x00007ffe5da7b000 	C:\Program Files\Java\jdk-24\bin\VCRUNTIME140.dll
0x00007ffe63680000 - 0x00007ffe636a2000 	C:\Windows\System32\win32u.dll
0x00007ffe50910000 - 0x00007ffe50bab000 	C:\Windows\WinSxS\amd64_microsoft.windows.common-controls_6595b64144ccf1df_6.0.19041.6456_none_60b8a6cb71f64256\COMCTL32.dll
0x00007ffe640b0000 - 0x00007ffe640db000 	C:\Windows\System32\GDI32.dll
0x00007ffe64870000 - 0x00007ffe6490e000 	C:\Windows\System32\msvcrt.dll
0x00007ffe637b0000 - 0x00007ffe638c9000 	C:\Windows\System32\gdi32full.dll
0x00007ffe62f40000 - 0x00007ffe62fdd000 	C:\Windows\System32\msvcp_win.dll
0x00007ffe645a0000 - 0x00007ffe645cf000 	C:\Windows\System32\IMM32.DLL
0x00007ffe5da50000 - 0x00007ffe5da5c000 	C:\Program Files\Java\jdk-24\bin\vcruntime140_1.dll
0x00007ffe4eb30000 - 0x00007ffe4ebbe000 	C:\Program Files\Java\jdk-24\bin\msvcp140.dll
0x00007ffdbf260000 - 0x00007ffdc0001000 	C:\Program Files\Java\jdk-24\bin\server\jvm.dll
0x00007ffe638d0000 - 0x00007ffe63981000 	C:\Windows\System32\ADVAPI32.dll
0x00007ffe65080000 - 0x00007ffe6511f000 	C:\Windows\System32\sechost.dll
0x00007ffe63f90000 - 0x00007ffe640b0000 	C:\Windows\System32\RPCRT4.dll
0x00007ffe63240000 - 0x00007ffe63267000 	C:\Windows\System32\bcrypt.dll
0x00007ffe64530000 - 0x00007ffe6459b000 	C:\Windows\System32\WS2_32.dll
0x00007ffe62da0000 - 0x00007ffe62deb000 	C:\Windows\SYSTEM32\POWRPROF.dll
0x00007ffe4d030000 - 0x00007ffe4d057000 	C:\Windows\SYSTEM32\WINMM.dll
0x00007ffe5bea0000 - 0x00007ffe5beaa000 	C:\Windows\SYSTEM32\VERSION.dll
0x00007ffe62cd0000 - 0x00007ffe62ce2000 	C:\Windows\SYSTEM32\UMPDC.dll
0x00007ffe60f90000 - 0x00007ffe60fa2000 	C:\Windows\SYSTEM32\kernel.appcore.dll
0x00007ffe5da10000 - 0x00007ffe5da1a000 	C:\Program Files\Java\jdk-24\bin\jimage.dll
0x00007ffe60b00000 - 0x00007ffe60d01000 	C:\Windows\SYSTEM32\DBGHELP.DLL
0x00007ffe46810000 - 0x00007ffe46844000 	C:\Windows\SYSTEM32\dbgcore.DLL
0x00007ffe632f0000 - 0x00007ffe63372000 	C:\Windows\System32\bcryptPrimitives.dll
0x00007ffe4ff70000 - 0x00007ffe4ff7f000 	C:\Program Files\Java\jdk-24\bin\instrument.dll
0x00007ffe5d9f0000 - 0x00007ffe5da0e000 	C:\Program Files\Java\jdk-24\bin\java.dll
0x00007ffe65120000 - 0x00007ffe6524b000 	C:\Windows\System32\ole32.dll
0x00007ffe63b40000 - 0x00007ffe63e94000 	C:\Windows\System32\combase.dll
0x00007ffe64910000 - 0x00007ffe65080000 	C:\Windows\System32\SHELL32.dll
0x00007ffe60fb0000 - 0x00007ffe61755000 	C:\Windows\SYSTEM32\windows.storage.dll
0x00007ffe62890000 - 0x00007ffe628bb000 	C:\Windows\SYSTEM32\Wldp.dll
0x00007ffe641a0000 - 0x00007ffe6426d000 	C:\Windows\System32\OLEAUT32.dll
0x00007ffe64270000 - 0x00007ffe6431d000 	C:\Windows\System32\SHCORE.dll
0x00007ffe64780000 - 0x00007ffe647db000 	C:\Windows\System32\shlwapi.dll
0x00007ffe62e70000 - 0x00007ffe62e94000 	C:\Windows\SYSTEM32\profapi.dll
0x00007ffe4ea50000 - 0x00007ffe4eb27000 	C:\Program Files\Java\jdk-24\bin\jsvml.dll
0x00007ffe4ea30000 - 0x00007ffe4ea47000 	C:\Program Files\Java\jdk-24\bin\zip.dll
0x00007ffe5d9e0000 - 0x00007ffe5d9f0000 	C:\Program Files\Java\jdk-24\bin\net.dll
0x00007ffe625f0000 - 0x00007ffe6265a000 	C:\Windows\system32\mswsock.dll
0x00007ffe502a0000 - 0x00007ffe502b6000 	C:\Program Files\Java\jdk-24\bin\nio.dll
0x00007ffe4efd0000 - 0x00007ffe4efd9000 	C:\Program Files\Java\jdk-24\bin\extnet.dll
0x00007ffe17b50000 - 0x00007ffe17ccf000 	C:\Program Files\Java\jdk-24\bin\awt.dll
0x00007ffe5f500000 - 0x00007ffe5f594000 	C:\Windows\SYSTEM32\apphelp.dll
0x00007ffe604c0000 - 0x00007ffe6055e000 	C:\Windows\system32\uxtheme.dll
0x00007ffe64660000 - 0x00007ffe64775000 	C:\Windows\System32\MSCTF.dll
0x00007ffe606d0000 - 0x00007ffe606fe000 	C:\Windows\system32\DWMAPI.DLL
0x00007ffe4fdd0000 - 0x00007ffe4fdd6000 	C:\Users\WINDOWS 11\AppData\Local\Temp\flatlaf.temp\flatlaf-windows-x86_64-1208245461282000.dll
0x00007ffe2ba50000 - 0x00007ffe2bad7000 	C:\Program Files\Java\jdk-24\bin\freetype.dll
0x00007ffe26d50000 - 0x00007ffe26e37000 	C:\Program Files\Java\jdk-24\bin\fontmanager.dll
0x00007ffe48060000 - 0x00007ffe48188000 	C:\Windows\system32\opengl32.dll
0x00007ffe48030000 - 0x00007ffe4805c000 	C:\Windows\SYSTEM32\GLU32.dll
0x00007ffe640f0000 - 0x00007ffe64199000 	C:\Windows\System32\clbcatq.dll
0x00007ffe602d0000 - 0x00007ffe60486000 	C:\Windows\SYSTEM32\WindowsCodecs.dll
0x00007ffe2eb30000 - 0x00007ffe2eb6e000 	C:\Windows\system32\dataexchange.dll
0x00007ffe5e0a0000 - 0x00007ffe5e304000 	C:\Windows\system32\d3d11.dll
0x00007ffe617c0000 - 0x00007ffe618b6000 	C:\Windows\system32\dxgi.dll
0x00007ffe5e770000 - 0x00007ffe5e954000 	C:\Windows\system32\dcomp.dll
0x00007ffe5ac80000 - 0x00007ffe5ae83000 	C:\Windows\system32\twinapi.appcore.dll
0x00007ffe574c0000 - 0x00007ffe575b9000 	C:\Windows\SYSTEM32\textinputframework.dll
0x00007ffe5ee30000 - 0x00007ffe5f18b000 	C:\Windows\System32\CoreUIComponents.dll
0x00007ffe5f190000 - 0x00007ffe5f282000 	C:\Windows\System32\CoreMessaging.dll
0x00007ffe62160000 - 0x00007ffe62193000 	C:\Windows\SYSTEM32\ntmarta.dll
0x00007ffe5f5f0000 - 0x00007ffe5f747000 	C:\Windows\SYSTEM32\wintypes.dll
0x00007ffe62310000 - 0x00007ffe623da000 	C:\Windows\SYSTEM32\DNSAPI.dll
0x00007ffe622d0000 - 0x00007ffe6230b000 	C:\Windows\SYSTEM32\IPHLPAPI.DLL
0x00007ffe63ea0000 - 0x00007ffe63ea8000 	C:\Windows\System32\NSI.dll
0x00007ffe5b720000 - 0x00007ffe5b72a000 	C:\Windows\System32\rasadhlp.dll
0x00007ffe511b0000 - 0x00007ffe51230000 	C:\Windows\System32\fwpuclnt.dll
0x00007ffe4fb70000 - 0x00007ffe4fb77000 	C:\Program Files\Java\jdk-24\bin\jawt.dll

JVMTI agents:
C:\Program Files\JetBrains\IntelliJ IDEA Community Edition 2025.2.1\lib\idea_rt.jar path:C:\Program Files\Java\jdk-24\bin\instrument.dll, loaded, initialized, instrumentlib options:58262

dbghelp: loaded successfully - version: 4.0.5 - missing functions: none
symbol engine: initialized successfully - sym options: 0x614 - pdb path: .;C:\Program Files\Java\jdk-24\bin;C:\Windows\SYSTEM32;C:\Windows\WinSxS\amd64_microsoft.windows.common-controls_6595b64144ccf1df_6.0.19041.6456_none_60b8a6cb71f64256;C:\Program Files\Java\jdk-24\bin\server;C:\Users\WINDOWS 11\AppData\Local\Temp\flatlaf.temp

VM Arguments:
jvm_args: -javaagent:C:\Program Files\JetBrains\IntelliJ IDEA Community Edition 2025.2.1\lib\idea_rt.jar=58262 -Dfile.encoding=UTF-8 -Dsun.stdout.encoding=UTF-8 -Dsun.stderr.encoding=UTF-8 
java_command: Main
java_class_path (initial): C:\xamppp\htdocs\SmartParkingProject\out\production\SmartParkingProject;C:\mysql-connector-j-9.5.0\mysql-connector-j-9.5.0.jar;C:\Users\WINDOWS 11\Downloads\flatlaf-3.3.jar
Launcher Type: SUN_STANDARD

[Global flags]
     intx CICompilerCount                          = 3                                         {product} {ergonomic}
     uint ConcGCThreads                            = 1                                         {product} {ergonomic}
     uint G1ConcRefinementThreads                  = 4                                         {product} {ergonomic}
   size_t G1HeapRegionSize                         = 1048576                                   {product} {ergonomic}
   size_t InitialHeapSize                          = 132120576                                 {product} {ergonomic}
   size_t MarkStackSize                            = 4194304                                   {product} {ergonomic}
   size_t MarkStackSizeMax                         = 536870912                                 {product} {ergonomic}
   size_t MaxHeapSize                              = 2111832064                                {product} {ergonomic}
   size_t MaxNewSize                               = 1266679808                                {product} {ergonomic}
   size_t MinHeapDeltaBytes                        = 1048576                                   {product} {ergonomic}
   size_t MinHeapSize                              = 8388608                                   {product} {ergonomic}
    uintx NonNMethodCodeHeapSize                   = 5832704                                {pd product} {ergonomic}
    uintx NonProfiledCodeHeapSize                  = 122945536                              {pd product} {ergonomic}
    uintx ProfiledCodeHeapSize                     = 122880000                              {pd product} {ergonomic}
    uintx ReservedCodeCacheSize                    = 251658240                              {pd product} {ergonomic}
     bool SegmentedCodeCache                       = true                                      {product} {ergonomic}
   size_t SoftMaxHeapSize                          = 2111832064                             {manageable} {ergonomic}
     bool UseCompressedOops                        = true                           {product lp64_product} {ergonomic}
     bool UseG1GC                                  = true                                      {product} {ergonomic}
     bool UseLargePagesIndividualAllocation        = false                                  {pd product} {ergonomic}

Logging:
Log output configuration:
 #0: stdout all=warning uptime,level,tags foldmultilines=false
 #1: stderr all=off uptime,level,tags foldmultilines=false

Environment Variables:
PATH=C:\oracleclient_1\product\12.2.0\client_1\bin;C:\oraclexe\app\oracle\product\11.2.0\server\bin;;C:\Program Files (x86)\VMware\VMware Player\bin\;C:\oracleclient_12\product\12.2.0\client_1\bin;C:\Program Files\Common Files\Oracle\Java\javapath;C:\Program Files (x86)\Common Files\Oracle\Java\java8path;C:\Program Files (x86)\Common Files\Oracle\Java\javapath;C:\Windows\system32;C:\Windows;C:\Windows\System32\Wbem;C:\Windows\System32\WindowsPowerShell\v1.0\;C:\Windows\System32\OpenSSH\;C:\Program Files\Git\cmd;C:\xampp\php;C:\composer;C:\Program Files\nodejs\;C:\ProgramData\chocolatey\bin;C:\Users\WINDOWS 11\AppData\Local\Programs\Python\Python313\Scripts\;C:\Users\WINDOWS 11\AppData\Local\Programs\Python\Python313\;C:\Users\WINDOWS 11\AppData\Local\Programs\Python\Launcher\;C:\Users\WINDOWS 11\AppData\Local\Microsoft\WindowsApps;C:\MinGW\bin;C:\Dev-Cpp\bin;C:\Users\WINDOWS 11\AppData\Local\Programs\Microsoft VS Code\bin;C:\Users\WINDOWS 11\AppData\Roaming\Composer\vendor\bin;C:\Users\WINDOWS 11\AppData\Roaming\npm;C:\Users\WINDOWS 11\AppData\Local\Python\bin;C:\Users\WINDOWS 11\AppData\Local\Programs\PyCharm 2025.3.2.1\bin;C:\development\flutter\bin;C:\Users\WINDOWS 11\AppData\Local\JetBrains\Toolbox\scripts;
USERNAME=WINDOWS 11
OS=Windows_NT
PROCESSOR_IDENTIFIER=Intel64 Family 6 Model 158 Stepping 9, GenuineIntel
TMP=C:\Users\WINDOW~1\AppData\Local\Temp
TEMP=C:\Users\WINDOW~1\AppData\Local\Temp




Periodic native trim disabled

---------------  S Y S T E M  ---------------

OS:
 Windows 10 , 64 bit Build 19041 (10.0.19041.5915)
OS uptime: 1 days 9:47 hours

CPU: total 4 (initial active 4) (4 cores per cpu, 1 threads per core) family 6 model 158 stepping 9 microcode 0xf6, cx8, cmov, fxsr, mmx, 3dnowpref, sse, sse2, sse3, ssse3, sse4.1, sse4.2, popcnt, lzcnt, tsc, tscinvbit, avx, avx2, aes, erms, clmul, bmi1, bmi2, rtm, adx, fma, vzeroupper, clflush, clflushopt, rdtscp, f16c
Processor Information for the first 4 processors :
  Max Mhz: 2801, Current Mhz: 2801, Mhz Limit: 2801

Memory: 4k page, system-wide physical 8052M (263M free)
TotalPageFile size 27006M (AvailPageFile size 66M)
current process WorkingSet (physical memory assigned to process): 178M, peak: 1531M
current process commit charge ("private bytes"): 2872M, peak: 3014M

vm_info: Java HotSpot(TM) 64-Bit Server VM (24.0.2+12-54) for windows-amd64 JRE (24.0.2+12-54), built on 2025-07-08T12:10:27Z with MS VC++ 17.6 (VS2022)

END.
